Using pre-set license
Built from '2020.3/staging' branch; Version is '2020.3.30f1 (1fb1bf06830e) revision 2077119'; Using compiler version '192528614'; Build Type 'Release'
OS: 'Windows 10  (10.0.19043) 64bit Professional' Language: 'ru' Physical Memory: 32699 MB
BatchMode: 1, IsHumanControllingUs: 0, StartBugReporterOnCrash: 0, Is64bit: 1, IsPro: 0

COMMAND LINE ARGUMENTS:
D:\Unity\2020.3.30f1\Editor\Unity.exe
-adb2
-batchMode
-noUpm
-name
AssetImportWorker0
-projectPath
D:/Unity/Projects/some_rts_project/Project
-logFile
Logs/AssetImportWorker0.log
-srvPort
62101
Successfully changed project path to: D:/Unity/Projects/some_rts_project/Project
D:/Unity/Projects/some_rts_project/Project
Using Asset Import Pipeline V2.
Refreshing native plugins compatible for Editor in 95.23 ms, found 2 plugins.
Preloading 0 native plugins for Editor in 0.00 ms.
Initialize engine version: 2020.3.30f1 (1fb1bf06830e)
[Subsystems] Discovering subsystems at path D:/Unity/2020.3.30f1/Editor/Data/Resources/UnitySubsystems
[Subsystems] Discovering subsystems at path D:/Unity/Projects/some_rts_project/Project/Assets
GfxDevice: creating device client; threaded=0
Direct3D:
    Version:  Direct3D 11.0 [level 11.1]
    Renderer: NVIDIA GeForce RTX 2060 SUPER (ID=0x1f06)
    Vendor:   
    VRAM:     8031 MB
    Driver:   30.0.15.1179
Initialize mono
Mono path[0] = 'D:/Unity/2020.3.30f1/Editor/Data/Managed'
Mono path[1] = 'D:/Unity/2020.3.30f1/Editor/Data/MonoBleedingEdge/lib/mono/unityjit'
Mono config path = 'D:/Unity/2020.3.30f1/Editor/Data/MonoBleedingEdge/etc'
Using monoOptions --debugger-agent=transport=dt_socket,embedding=1,server=y,suspend=n,address=127.0.0.1:56008
Begin MonoManager ReloadAssembly
Registering precompiled unity dll's ...
Register platform support module: D:/Unity/2020.3.30f1/Editor/Data/PlaybackEngines/WindowsStandaloneSupport/UnityEditor.WindowsStandalone.Extensions.dll
Registered in 0.000847 seconds.
Native extension for WindowsStandalone target not found
Refreshing native plugins compatible for Editor in 110.07 ms, found 2 plugins.
Preloading 0 native plugins for Editor in 0.00 ms.
Mono: successfully reloaded assembly
- Completed reload, in  0.533 seconds
Domain Reload Profiling:
	ReloadAssembly (533ms)
		BeginReloadAssembly (43ms)
			ExecutionOrderSort (0ms)
			DisableScriptedObjects (0ms)
			BackupInstance (0ms)
			ReleaseScriptingObjects (0ms)
			CreateAndSetChildDomain (1ms)
		EndReloadAssembly (434ms)
			LoadAssemblies (42ms)
			RebuildTransferFunctionScriptingTraits (0ms)
			SetupTypeCache (116ms)
			ReleaseScriptCaches (0ms)
			RebuildScriptCaches (25ms)
			SetupLoadedEditorAssemblies (215ms)
				LogAssemblyErrors (0ms)
				InitializePlatformSupportModulesInManaged (3ms)
				SetLoadedEditorAssemblies (0ms)
				RefreshPlugins (110ms)
				BeforeProcessingInitializeOnLoad (13ms)
				ProcessInitializeOnLoadAttributes (65ms)
				ProcessInitializeOnLoadMethodAttributes (23ms)
				AfterProcessingInitializeOnLoad (0ms)
				EditorAssembliesLoaded (0ms)
			ExecutionOrderSort2 (0ms)
			AwakeInstancesAfterBackupRestoration (0ms)
Platform modules already initialized, skipping
Registering precompiled user dll's ...
Registered in 0.002183 seconds.
Begin MonoManager ReloadAssembly
Native extension for WindowsStandalone target not found
Refreshing native plugins compatible for Editor in 1.41 ms, found 2 plugins.
Preloading 0 native plugins for Editor in 0.00 ms.
Mono: successfully reloaded assembly
- Completed reload, in  0.779 seconds
Domain Reload Profiling:
	ReloadAssembly (779ms)
		BeginReloadAssembly (119ms)
			ExecutionOrderSort (0ms)
			DisableScriptedObjects (4ms)
			BackupInstance (0ms)
			ReleaseScriptingObjects (0ms)
			CreateAndSetChildDomain (16ms)
		EndReloadAssembly (614ms)
			LoadAssemblies (69ms)
			RebuildTransferFunctionScriptingTraits (0ms)
			SetupTypeCache (215ms)
			ReleaseScriptCaches (0ms)
			RebuildScriptCaches (35ms)
			SetupLoadedEditorAssemblies (225ms)
				LogAssemblyErrors (0ms)
				InitializePlatformSupportModulesInManaged (3ms)
				SetLoadedEditorAssemblies (0ms)
				RefreshPlugins (1ms)
				BeforeProcessingInitializeOnLoad (57ms)
				ProcessInitializeOnLoadAttributes (154ms)
				ProcessInitializeOnLoadMethodAttributes (7ms)
				AfterProcessingInitializeOnLoad (2ms)
				EditorAssembliesLoaded (0ms)
			ExecutionOrderSort2 (0ms)
			AwakeInstancesAfterBackupRestoration (5ms)
Platform modules already initialized, skipping
========================================================================
Worker process is ready to serve import requests
Launched and connected shader compiler UnityShaderCompiler.exe after 0.05 seconds
Refreshing native plugins compatible for Editor in 1.28 ms, found 2 plugins.
Preloading 0 native plugins for Editor in 0.00 ms.
Unloading 1561 Unused Serialized files (Serialized files now loaded: 0)
System memory in use before: 183.7 MB.
System memory in use after: 183.8 MB.

Unloading 16 unused Assets to reduce memory usage. Loaded Objects now: 2038.
Total: 2.665100 ms (FindLiveObjects: 0.170700 ms CreateObjectMapping: 0.035400 ms MarkObjects: 2.281400 ms  DeleteObjects: 0.176600 ms)

AssetImportParameters requested are different than current active one (requested -> active):
  custom:framework-win-MediaFoundation: 216162199b28c13a410421893ffa2e32 -> 
  custom:video-decoder-ogg-theora: a1e56fd34408186e4bbccfd4996cb3dc -> 
  custom:container-muxer-webm: aa71ff27fc2769a1b78a27578f13a17b -> 
  custom:container-demuxer-webm: 4f35f7cbe854078d1ac9338744f61a02 -> 
  custom:container-demuxer-ogg: 62fdf1f143b41e24485cea50d1cbac27 -> 
  custom:video-encoder-webm-vp8: eb34c28f22e8b96e1ab97ce403110664 -> 
  custom:video-decoder-webm-vp8: 9c59270c3fd7afecdb556c50c9e8de78 -> 
  custom:audio-decoder-ogg-vorbis: bf7c407c2cedff20999df2af8eb42d56 -> 
  custom:audio-encoder-webm-vorbis: bf7c407c2cedff20999df2af8eb42d56 -> 
========================================================================
Received Import Request.
  path: Assets/Scripts/General/Input/SelectBox_Constructor.cs
  artifactKey: Guid(6789939f15164454abc60f6cc01c1701) Importer(815301076,1909f56bfc062723c751e8b465ee728b)
Start importing Assets/Scripts/General/Input/SelectBox_Constructor.cs using Guid(6789939f15164454abc60f6cc01c1701) Importer(815301076,1909f56bfc062723c751e8b465ee728b)  -> (artifact id: 'ebb32474e9a2c6ee5833b9b1b1055a13') in 0.149000 seconds 
========================================================================
Received Import Request.
  Time since last request: 13.271519 seconds.
  path: Assets/Scripts/General/Input/SelectBox_Constructor.cs
  artifactKey: Guid(6789939f15164454abc60f6cc01c1701) Importer(815301076,1909f56bfc062723c751e8b465ee728b)
Start importing Assets/Scripts/General/Input/SelectBox_Constructor.cs using Guid(6789939f15164454abc60f6cc01c1701) Importer(815301076,1909f56bfc062723c751e8b465ee728b)  -> (artifact id: '13507eb9af66b649e0aef6d089499a12') in 0.002768 seconds 
========================================================================
Received Import Request.
  Time since last request: 5.812868 seconds.
  path: Assets/Scripts/General/Input/SelectBox_Constructor.cs
  artifactKey: Guid(6789939f15164454abc60f6cc01c1701) Importer(815301076,1909f56bfc062723c751e8b465ee728b)
Start importing Assets/Scripts/General/Input/SelectBox_Constructor.cs using Guid(6789939f15164454abc60f6cc01c1701) Importer(815301076,1909f56bfc062723c751e8b465ee728b)  -> (artifact id: '18bfb9d18bcad10875812fe9fd6d420c') in 0.003096 seconds 
========================================================================
Received Import Request.
  Time since last request: 37.261787 seconds.
  path: Assets/Scripts/General/Input/SelectBox_Constructor.cs
  artifactKey: Guid(6789939f15164454abc60f6cc01c1701) Importer(815301076,1909f56bfc062723c751e8b465ee728b)
Start importing Assets/Scripts/General/Input/SelectBox_Constructor.cs using Guid(6789939f15164454abc60f6cc01c1701) Importer(815301076,1909f56bfc062723c751e8b465ee728b)  -> (artifact id: '08ec9fcd8f63478c1771fa603437b023') in 0.001728 seconds 
========================================================================
Received Import Request.
  Time since last request: 4.602055 seconds.
  path: Assets/Scripts/General/Input/SelectBox_Constructor.cs
  artifactKey: Guid(6789939f15164454abc60f6cc01c1701) Importer(815301076,1909f56bfc062723c751e8b465ee728b)
Start importing Assets/Scripts/General/Input/SelectBox_Constructor.cs using Guid(6789939f15164454abc60f6cc01c1701) Importer(815301076,1909f56bfc062723c751e8b465ee728b)  -> (artifact id: '670fc3e481e2196e17916b24867b5e6c') in 0.001710 seconds 
========================================================================
Received Import Request.
  Time since last request: 463.596359 seconds.
  path: Assets/Scripts/General/Input/SelectBox_Constructor.cs
  artifactKey: Guid(6789939f15164454abc60f6cc01c1701) Importer(815301076,1909f56bfc062723c751e8b465ee728b)
Start importing Assets/Scripts/General/Input/SelectBox_Constructor.cs using Guid(6789939f15164454abc60f6cc01c1701) Importer(815301076,1909f56bfc062723c751e8b465ee728b)  -> (artifact id: '958bf2cf535fa65bbe3a43e70eb22eed') in 0.001600 seconds 
========================================================================
Received Import Request.
  Time since last request: 19.185098 seconds.
  path: Assets/Scripts/General/Input/SelectBox_Constructor.cs
  artifactKey: Guid(6789939f15164454abc60f6cc01c1701) Importer(815301076,1909f56bfc062723c751e8b465ee728b)
Start importing Assets/Scripts/General/Input/SelectBox_Constructor.cs using Guid(6789939f15164454abc60f6cc01c1701) Importer(815301076,1909f56bfc062723c751e8b465ee728b)  -> (artifact id: '3a3daefa17fd3cd652584a45caaf2cfd') in 0.001726 seconds 
========================================================================
Received Import Request.
  Time since last request: 65.806008 seconds.
  path: Assets/Scripts/General/Input/SelectBox_Constructor.cs
  artifactKey: Guid(6789939f15164454abc60f6cc01c1701) Importer(815301076,1909f56bfc062723c751e8b465ee728b)
Start importing Assets/Scripts/General/Input/SelectBox_Constructor.cs using Guid(6789939f15164454abc60f6cc01c1701) Importer(815301076,1909f56bfc062723c751e8b465ee728b)  -> (artifact id: '7cc348999e724b0645e1a9ddd1804e99') in 0.001569 seconds 
========================================================================
Received Import Request.
  Time since last request: 13.971094 seconds.
  path: Assets/Scripts/General/Input/SelectBox_Constructor.cs
  artifactKey: Guid(6789939f15164454abc60f6cc01c1701) Importer(815301076,1909f56bfc062723c751e8b465ee728b)
Start importing Assets/Scripts/General/Input/SelectBox_Constructor.cs using Guid(6789939f15164454abc60f6cc01c1701) Importer(815301076,1909f56bfc062723c751e8b465ee728b)  -> (artifact id: 'bf10ef3c8eb2d1723ed6a0a9a301a1e2') in 0.001740 seconds 
========================================================================
Received Import Request.
  Time since last request: 8.358654 seconds.
  path: Assets/Scripts/General/Input/SelectBox_Constructor.cs
  artifactKey: Guid(6789939f15164454abc60f6cc01c1701) Importer(815301076,1909f56bfc062723c751e8b465ee728b)
Start importing Assets/Scripts/General/Input/SelectBox_Constructor.cs using Guid(6789939f15164454abc60f6cc01c1701) Importer(815301076,1909f56bfc062723c751e8b465ee728b)  -> (artifact id: '0f676a4e82ed70d482c22bb53d0aec55') in 0.002013 seconds 
========================================================================
Received Import Request.
  Time since last request: 11.517519 seconds.
  path: Assets/Scripts/General/Input/SelectBox_Constructor.cs
  artifactKey: Guid(6789939f15164454abc60f6cc01c1701) Importer(815301076,1909f56bfc062723c751e8b465ee728b)
Start importing Assets/Scripts/General/Input/SelectBox_Constructor.cs using Guid(6789939f15164454abc60f6cc01c1701) Importer(815301076,1909f56bfc062723c751e8b465ee728b)  -> (artifact id: 'c974d4ae44e546139ffae5b8681f32b5') in 0.001602 seconds 
========================================================================
Received Import Request.
  Time since last request: 2613.982022 seconds.
  path: Assets/Scripts/General/Input/SelectBox_Constructor.cs
  artifactKey: Guid(6789939f15164454abc60f6cc01c1701) Importer(815301076,1909f56bfc062723c751e8b465ee728b)
Start importing Assets/Scripts/General/Input/SelectBox_Constructor.cs using Guid(6789939f15164454abc60f6cc01c1701) Importer(815301076,1909f56bfc062723c751e8b465ee728b)  -> (artifact id: '3777a0e39c4fb17ff944e77b2f2bcf3e') in 0.001819 seconds 
========================================================================
Received Prepare
Registering precompiled user dll's ...
Registered in 0.002298 seconds.
Begin MonoManager ReloadAssembly
Native extension for WindowsStandalone target not found
Refreshing native plugins compatible for Editor in 1.53 ms, found 2 plugins.
Preloading 0 native plugins for Editor in 0.00 ms.
Mono: successfully reloaded assembly
- Completed reload, in  0.763 seconds
Domain Reload Profiling:
	ReloadAssembly (764ms)
		BeginReloadAssembly (90ms)
			ExecutionOrderSort (0ms)
			DisableScriptedObjects (4ms)
			BackupInstance (0ms)
			ReleaseScriptingObjects (0ms)
			CreateAndSetChildDomain (26ms)
		EndReloadAssembly (624ms)
			LoadAssemblies (70ms)
			RebuildTransferFunctionScriptingTraits (0ms)
			SetupTypeCache (220ms)
			ReleaseScriptCaches (1ms)
			RebuildScriptCaches (34ms)
			SetupLoadedEditorAssemblies (212ms)
				LogAssemblyErrors (0ms)
				InitializePlatformSupportModulesInManaged (3ms)
				SetLoadedEditorAssemblies (0ms)
				RefreshPlugins (2ms)
				BeforeProcessingInitializeOnLoad (54ms)
				ProcessInitializeOnLoadAttributes (144ms)
				ProcessInitializeOnLoadMethodAttributes (7ms)
				AfterProcessingInitializeOnLoad (2ms)
				EditorAssembliesLoaded (0ms)
			ExecutionOrderSort2 (0ms)
			AwakeInstancesAfterBackupRestoration (5ms)
Platform modules already initialized, skipping
Refreshing native plugins compatible for Editor in 1.32 ms, found 2 plugins.
Preloading 0 native plugins for Editor in 0.00 ms.
Unloading 1538 Unused Serialized files (Serialized files now loaded: 0)
System memory in use before: 182.1 MB.
System memory in use after: 182.2 MB.

Unloading 12 unused Assets to reduce memory usage. Loaded Objects now: 2040.
Total: 2.695800 ms (FindLiveObjects: 0.157200 ms CreateObjectMapping: 0.037700 ms MarkObjects: 2.329600 ms  DeleteObjects: 0.170700 ms)

AssetImportParameters requested are different than current active one (requested -> active):
  custom:framework-win-MediaFoundation: 216162199b28c13a410421893ffa2e32 -> 
  custom:video-decoder-ogg-theora: a1e56fd34408186e4bbccfd4996cb3dc -> 
  custom:container-muxer-webm: aa71ff27fc2769a1b78a27578f13a17b -> 
  custom:container-demuxer-webm: 4f35f7cbe854078d1ac9338744f61a02 -> 
  custom:container-demuxer-ogg: 62fdf1f143b41e24485cea50d1cbac27 -> 
  custom:video-encoder-webm-vp8: eb34c28f22e8b96e1ab97ce403110664 -> 
  custom:video-decoder-webm-vp8: 9c59270c3fd7afecdb556c50c9e8de78 -> 
  custom:audio-decoder-ogg-vorbis: bf7c407c2cedff20999df2af8eb42d56 -> 
  custom:audio-encoder-webm-vorbis: bf7c407c2cedff20999df2af8eb42d56 -> 
========================================================================
Received Import Request.
  Time since last request: 7.510914 seconds.
  path: Assets/Scripts/General/Input/Input_Strategy.cs
  artifactKey: Guid(7b409d904bdd9b64e9891f6e4e7fca4d) Importer(815301076,1909f56bfc062723c751e8b465ee728b)
Start importing Assets/Scripts/General/Input/Input_Strategy.cs using Guid(7b409d904bdd9b64e9891f6e4e7fca4d) Importer(815301076,1909f56bfc062723c751e8b465ee728b)  -> (artifact id: '9f21f98cb0feacabef13a0032e094737') in 0.006908 seconds 
========================================================================
Received Import Request.
  Time since last request: 20.468200 seconds.
  path: Assets/Scripts/General/SceneMain/SceneController.cs
  artifactKey: Guid(660dd43e59a62ee479792078373f725e) Importer(815301076,1909f56bfc062723c751e8b465ee728b)
Start importing Assets/Scripts/General/SceneMain/SceneController.cs using Guid(660dd43e59a62ee479792078373f725e) Importer(815301076,1909f56bfc062723c751e8b465ee728b)  -> (artifact id: 'aa517b0a31161d304ba4e31ac0245d98') in 0.005111 seconds 
AssetImportWorkerClient::OnTransportError - code=2 error=End of file
